This is pdfTeX, Version 3.141592653-2.6-1.40.22 (TeX Live 2021) (preloaded format=pdflatex 2021.5.29)  31 MAR 2023 13:55
entering extended mode
 restricted \write18 enabled.
 file:line:error style messages enabled.
 %&-line parsing enabled.
**IngSoftw_Proj1.tex
(./IngSoftw_Proj1.tex
LaTeX2e <2020-10-01> patch level 4
L3 programming layer <2021-02-18>
(/usr/local/texlive/2021/texmf-dist/tex/latex/base/article.cls
Document Class: article 2020/04/10 v1.4m Standard LaTeX document class
(/usr/local/texlive/2021/texmf-dist/tex/latex/base/size12.clo
File: size12.clo 2020/04/10 v1.4m Standard LaTeX file (size option)
)
\c@part=\count179
\c@section=\count180
\c@subsection=\count181
\c@subsubsection=\count182
\c@paragraph=\count183
\c@subparagraph=\count184
\c@figure=\count185
\c@table=\count186
\abovecaptionskip=\skip47
\belowcaptionskip=\skip48
\bibindent=\dimen138
)
(/usr/local/texlive/2021/texmf-dist/tex/generic/babel/babel.sty
Package: babel 2021/03/24 3.56 The Babel package

(/usr/local/texlive/2021/texmf-dist/tex/generic/babel/babel.def
File: babel.def 2021/03/24 3.56 Babel common definitions
\babel@savecnt=\count187
\U@D=\dimen139
\l@babelnohyphens=\language87

(/usr/local/texlive/2021/texmf-dist/tex/generic/babel/txtbabel.def)
\bbl@readstream=\read2
)
\bbl@dirlevel=\count188

(/usr/local/texlive/2021/texmf-dist/tex/generic/babel-italian/italian.ldf
Language: italian 2020/05/21 v.1.4.04 Italian support for the babel system
\it@lettering=\count189
\it@doublequoteactive=\count190
\it@ISOcompliance=\count191
))
(/usr/local/texlive/2021/texmf-dist/tex/latex/etoolbox/etoolbox.sty
Package: etoolbox 2020/10/05 v2.5k e-TeX tools for LaTeX (JAW)
\etb@tempcnta=\count192
)
(/usr/local/texlive/2021/texmf-dist/tex/latex/graphics/graphicx.sty
Package: graphicx 2020/09/09 v1.2b Enhanced LaTeX Graphics (DPC,SPQR)

(/usr/local/texlive/2021/texmf-dist/tex/latex/graphics/keyval.sty
Package: keyval 2014/10/28 v1.15 key=value parser (DPC)
\KV@toks@=\toks15
)
(/usr/local/texlive/2021/texmf-dist/tex/latex/graphics/graphics.sty
Package: graphics 2020/08/30 v1.4c Standard LaTeX Graphics (DPC,SPQR)

(/usr/local/texlive/2021/texmf-dist/tex/latex/graphics/trig.sty
Package: trig 2016/01/03 v1.10 sin cos tan (DPC)
)
(/usr/local/texlive/2021/texmf-dist/tex/latex/graphics-cfg/graphics.cfg
File: graphics.cfg 2016/06/04 v1.11 sample graphics configuration
)
Package graphics Info: Driver file: pdftex.def on input line 105.

(/usr/local/texlive/2021/texmf-dist/tex/latex/graphics-def/pdftex.def
File: pdftex.def 2020/10/05 v1.2a Graphics/color driver for pdftex
))
\Gin@req@height=\dimen140
\Gin@req@width=\dimen141
)
(/usr/local/texlive/2021/texmf-dist/tex/latex/caption/caption.sty
Package: caption 2020/10/26 v3.5g Customizing captions (AR)

(/usr/local/texlive/2021/texmf-dist/tex/latex/caption/caption3.sty
Package: caption3 2020/10/21 v2.2e caption3 kernel (AR)
\captionmargin=\dimen142
\captionmargin@=\dimen143
\captionwidth=\dimen144
\caption@tempdima=\dimen145
\caption@indent=\dimen146
\caption@parindent=\dimen147
\caption@hangindent=\dimen148
Package caption Info: Standard document class detected.
)
\c@caption@flags=\count193
\c@continuedfloat=\count194
)
(/usr/local/texlive/2021/texmf-dist/tex/latex/geometry/geometry.sty
Package: geometry 2020/01/02 v5.9 Page Geometry

(/usr/local/texlive/2021/texmf-dist/tex/generic/iftex/ifvtex.sty
Package: ifvtex 2019/10/25 v1.7 ifvtex legacy package. Use iftex instead.

(/usr/local/texlive/2021/texmf-dist/tex/generic/iftex/iftex.sty
Package: iftex 2020/03/06 v1.0d TeX engine tests
))
\Gm@cnth=\count195
\Gm@cntv=\count196
\c@Gm@tempcnt=\count197
\Gm@bindingoffset=\dimen149
\Gm@wd@mp=\dimen150
\Gm@odd@mp=\dimen151
\Gm@even@mp=\dimen152
\Gm@layoutwidth=\dimen153
\Gm@layoutheight=\dimen154
\Gm@layouthoffset=\dimen155
\Gm@layoutvoffset=\dimen156
\Gm@dimlist=\toks16
)
(/usr/local/texlive/2021/texmf-dist/tex/latex/enumitem/enumitem.sty
Package: enumitem 2019/06/20 v3.9 Customized lists
\labelindent=\skip49
\enit@outerparindent=\dimen157
\enit@toks=\toks17
\enit@inbox=\box47
\enit@count@id=\count198
\enitdp@description=\count199
)
(/usr/local/texlive/2021/texmf-dist/tex/latex/fancyhdr/fancyhdr.sty
Package: fancyhdr 2021/01/28 v4.0.1 Extensive control of page headers and foote
rs
\f@nch@headwidth=\skip50
\f@nch@O@elh=\skip51
\f@nch@O@erh=\skip52
\f@nch@O@olh=\skip53
\f@nch@O@orh=\skip54
\f@nch@O@elf=\skip55
\f@nch@O@erf=\skip56
\f@nch@O@olf=\skip57
\f@nch@O@orf=\skip58
)
(/usr/local/texlive/2021/texmf-dist/tex/latex/svg/svg-extract.sty
Package: svg-extract 2020/11/26 v2.02k (extract graphics from SVG pictures)

(/usr/local/texlive/2021/texmf-dist/tex/latex/svg/svg.sty
Package: svg 2020/11/26 v2.02k (include SVG pictures)

(/usr/local/texlive/2021/texmf-dist/tex/latex/koma-script/scrbase.sty
Package: scrbase 2021/03/17 v3.33 KOMA-Script package (KOMA-Script-independent 
basics and keyval usage)

(/usr/local/texlive/2021/texmf-dist/tex/latex/koma-script/scrlfile.sty
Package: scrlfile 2021/03/17 v3.33 KOMA-Script package (file load hooks)

(/usr/local/texlive/2021/texmf-dist/tex/latex/koma-script/scrlfile-hook.sty
Package: scrlfile-hook 2021/03/17 v3.33 KOMA-Script package (using LaTeX hooks)


LaTeX3 Info: Defining command \BeforeFile with sig. 'm' on line 61.


LaTeX3 Info: Defining command \AfterFile with sig. 'm' on line 65.


LaTeX3 Info: Defining command \BeforeClass with sig. 'm' on line 69.


LaTeX3 Info: Defining command \BeforePackage with sig. 'm' on line 73.


LaTeX3 Info: Defining command \AfterAtEndOfClass with sig. 'smo+m' on line 83.


LaTeX3 Info: Defining command \AfterAtEndOfPackage with sig. 'smo+m' on line
(LaTeX3)     93.


LaTeX3 Info: Defining command \scrlfile@AfterClass with sig. 'smo+m' on line
(LaTeX3)     173.


LaTeX3 Info: Defining command \AfterClass with sig. '' on line 174.


LaTeX3 Info: Defining command \scrlfile@AfterPackage with sig. 'smo+m' on line
(LaTeX3)     191.


LaTeX3 Info: Defining command \AfterPackage with sig. '' on line 192.


LaTeX3 Info: Defining command \ReplaceInput with sig. '' on line 193.


LaTeX3 Info: Defining command \ReplaceClass with sig. 'mm' on line 196.


LaTeX3 Info: Defining command \ReplacePackage with sig. 'mm' on line 199.


LaTeX3 Info: Defining command \UnReplaceInput with sig. '' on line 200.


LaTeX3 Info: Defining command \UnReplaceClass with sig. 'm' on line 203.


LaTeX3 Info: Defining command \UnReplacePackage with sig. 'mm' on line 206.


LaTeX3 Info: Defining command \PreventPackageFromLoading with sig. 's+om' on
(LaTeX3)     line 234.


LaTeX3 Info: Defining command \StorePreventPackageFromLoading with sig. 'm' on
(LaTeX3)     line 242.


LaTeX3 Info: Defining command \ResetPreventPackageFromLoading with sig. '' on
(LaTeX3)     line 247.


LaTeX3 Info: Defining command \UnPreventPackageFromLoading with sig. 'sm' on
(LaTeX3)     line 261.


LaTeX3 Info: Defining command \BeforeClosingMainAux with sig. 'om' on line
(LaTeX3)     274.


LaTeX3 Info: Defining command \AfterReadingMainAux with sig. 'om' on line 287.


LaTeX3 Info: Defining command \protected@immediate@write with sig. 'm+m+m' on
(LaTeX3)     line 298.


(/usr/local/texlive/2021/texmf-dist/tex/latex/koma-script/scrlogo.sty
Package: scrlogo 2021/03/17 v3.33 KOMA-Script package (logo)
)))
Skipping: [2021/05/01] Usage of raw option list on input line 252.
Applying: [0000/00/00] compatibility for LaTeX before 2021/05/01 on input line 
337.
)
(/usr/local/texlive/2021/texmf-dist/tex/generic/pdftexcmds/pdftexcmds.sty
Package: pdftexcmds 2020-06-27 v0.33 Utility functions of pdfTeX for LuaTeX (HO
)

(/usr/local/texlive/2021/texmf-dist/tex/generic/infwarerr/infwarerr.sty
Package: infwarerr 2019/12/03 v1.5 Providing info/warning/error messages (HO)
)
(/usr/local/texlive/2021/texmf-dist/tex/generic/ltxcmds/ltxcmds.sty
Package: ltxcmds 2020-05-10 v1.25 LaTeX kernel commands for general use (HO)
)
Package pdftexcmds Info: \pdf@primitive is available.
Package pdftexcmds Info: \pdf@ifprimitive is available.
Package pdftexcmds Info: \pdfdraftmode found.
)
(/usr/local/texlive/2021/texmf-dist/tex/latex/trimspaces/trimspaces.sty
Package: trimspaces 2009/09/17 v1.1 Trim spaces around a token list
)
(/usr/local/texlive/2021/texmf-dist/tex/latex/tools/shellesc.sty
Package: shellesc 2019/11/08 v1.0c unified shell escape interface for LaTeX
Package shellesc Info: Restricted shell escape enabled on input line 77.
)
\c@svg@param@lastpage=\count266
\svg@box=\box48
\c@svg@param@currpage=\count267
)
(/usr/local/texlive/2021/texmf-dist/tex/latex/xcolor/xcolor.sty
Package: xcolor 2016/05/11 v2.12 LaTeX color extensions (UK)

(/usr/local/texlive/2021/texmf-dist/tex/latex/graphics-cfg/color.cfg
File: color.cfg 2016/01/02 v1.6 sample color configuration
)
Package xcolor Info: Driver file: pdftex.def on input line 225.
Package xcolor Info: Model `cmy' substituted by `cmy0' on input line 1348.
Package xcolor Info: Model `hsb' substituted by `rgb' on input line 1352.
Package xcolor Info: Model `RGB' extended on input line 1364.
Package xcolor Info: Model `HTML' substituted by `rgb' on input line 1366.
Package xcolor Info: Model `Hsb' substituted by `hsb' on input line 1367.
Package xcolor Info: Model `tHsb' substituted by `hsb' on input line 1368.
Package xcolor Info: Model `HSB' substituted by `hsb' on input line 1369.
Package xcolor Info: Model `Gray' substituted by `gray' on input line 1370.
Package xcolor Info: Model `wave' substituted by `hsb' on input line 1371.
)
(/usr/local/texlive/2021/texmf-dist/tex/latex/transparent/transparent.sty
Package: transparent 2019/11/29 v1.4 Transparency via pdfTeX's color stack (HO)


(/usr/local/texlive/2021/texmf-dist/tex/latex/auxhook/auxhook.sty
Package: auxhook 2019-12-17 v1.6 Hooks for auxiliary files (HO)
))
(/usr/local/texlive/2021/texmf-dist/tex/latex/pgf/systemlayer/pgfsys.sty
(/usr/local/texlive/2021/texmf-dist/tex/latex/pgf/utilities/pgfrcs.sty
(/usr/local/texlive/2021/texmf-dist/tex/generic/pgf/utilities/pgfutil-common.te
x
\pgfutil@everybye=\toks18
\pgfutil@tempdima=\dimen158
\pgfutil@tempdimb=\dimen159

(/usr/local/texlive/2021/texmf-dist/tex/generic/pgf/utilities/pgfutil-common-li
sts.tex))
(/usr/local/texlive/2021/texmf-dist/tex/generic/pgf/utilities/pgfutil-latex.def
\pgfutil@abb=\box49
) (/usr/local/texlive/2021/texmf-dist/tex/generic/pgf/utilities/pgfrcs.code.tex
(/usr/local/texlive/2021/texmf-dist/tex/generic/pgf/pgf.revision.tex)
Package: pgfrcs 2020/12/27 v3.1.8b (3.1.8b)
))
(/usr/local/texlive/2021/texmf-dist/tex/generic/pgf/systemlayer/pgfsys.code.tex
Package: pgfsys 2020/12/27 v3.1.8b (3.1.8b)
(/usr/local/texlive/2021/texmf-dist/tex/generic/pgf/utilities/pgfkeys.code.tex
\pgfkeys@pathtoks=\toks19
\pgfkeys@temptoks=\toks20

(/usr/local/texlive/2021/texmf-dist/tex/generic/pgf/utilities/pgfkeysfiltered.c
ode.tex
\pgfkeys@tmptoks=\toks21
))
\pgf@x=\dimen160
\pgf@y=\dimen161
\pgf@xa=\dimen162
\pgf@ya=\dimen163
\pgf@xb=\dimen164
\pgf@yb=\dimen165
\pgf@xc=\dimen166
\pgf@yc=\dimen167
\pgf@xd=\dimen168
\pgf@yd=\dimen169
\w@pgf@writea=\write3
\r@pgf@reada=\read3
\c@pgf@counta=\count268
\c@pgf@countb=\count269
\c@pgf@countc=\count270
\c@pgf@countd=\count271
\t@pgf@toka=\toks22
\t@pgf@tokb=\toks23
\t@pgf@tokc=\toks24
\pgf@sys@id@count=\count272

(/usr/local/texlive/2021/texmf-dist/tex/generic/pgf/systemlayer/pgf.cfg
File: pgf.cfg 2020/12/27 v3.1.8b (3.1.8b)
)
Driver file for pgf: pgfsys-pdftex.def

(/usr/local/texlive/2021/texmf-dist/tex/generic/pgf/systemlayer/pgfsys-pdftex.d
ef
File: pgfsys-pdftex.def 2020/12/27 v3.1.8b (3.1.8b)

(/usr/local/texlive/2021/texmf-dist/tex/generic/pgf/systemlayer/pgfsys-common-p
df.def
File: pgfsys-common-pdf.def 2020/12/27 v3.1.8b (3.1.8b)
)))
(/usr/local/texlive/2021/texmf-dist/tex/generic/pgf/systemlayer/pgfsyssoftpath.
code.tex
File: pgfsyssoftpath.code.tex 2020/12/27 v3.1.8b (3.1.8b)
\pgfsyssoftpath@smallbuffer@items=\count273
\pgfsyssoftpath@bigbuffer@items=\count274
)
(/usr/local/texlive/2021/texmf-dist/tex/generic/pgf/systemlayer/pgfsysprotocol.
code.tex
File: pgfsysprotocol.code.tex 2020/12/27 v3.1.8b (3.1.8b)
))
\c@svgx@runs=\count275
\c@svgx@out@count=\count276
) (/usr/local/texlive/2021/texmf-dist/tex/latex/hyperref/hyperref.sty
Package: hyperref 2021-02-27 v7.00k Hypertext links for LaTeX
(/usr/local/texlive/2021/texmf-dist/tex/generic/kvsetkeys/kvsetkeys.sty
Package: kvsetkeys 2019/12/15 v1.18 Key value parser (HO)
)
(/usr/local/texlive/2021/texmf-dist/tex/generic/kvdefinekeys/kvdefinekeys.sty
Package: kvdefinekeys 2019-12-19 v1.6 Define keys (HO)
)
(/usr/local/texlive/2021/texmf-dist/tex/generic/pdfescape/pdfescape.sty
Package: pdfescape 2019/12/09 v1.15 Implements pdfTeX's escape features (HO)
)
(/usr/local/texlive/2021/texmf-dist/tex/latex/hycolor/hycolor.sty
Package: hycolor 2020-01-27 v1.10 Color options for hyperref/bookmark (HO)
)
(/usr/local/texlive/2021/texmf-dist/tex/latex/letltxmacro/letltxmacro.sty
Package: letltxmacro 2019/12/03 v1.6 Let assignment for LaTeX macros (HO)
)
(/usr/local/texlive/2021/texmf-dist/tex/latex/kvoptions/kvoptions.sty
Package: kvoptions 2020-10-07 v3.14 Key value format for package options (HO)
)
\@linkdim=\dimen170
\Hy@linkcounter=\count277
\Hy@pagecounter=\count278

(/usr/local/texlive/2021/texmf-dist/tex/latex/hyperref/pd1enc.def
File: pd1enc.def 2021-02-27 v7.00k Hyperref: PDFDocEncoding definition (HO)
Now handling font encoding PD1 ...
... no UTF-8 mapping file for font encoding PD1
)
(/usr/local/texlive/2021/texmf-dist/tex/latex/hyperref/hyperref-langpatches.def
File: hyperref-langpatches.def 2021-02-27 v7.00k Hyperref: patches for babel la
nguages
) (/usr/local/texlive/2021/texmf-dist/tex/generic/intcalc/intcalc.sty
Package: intcalc 2019/12/15 v1.3 Expandable calculations with integers (HO)
)
(/usr/local/texlive/2021/texmf-dist/tex/generic/etexcmds/etexcmds.sty
Package: etexcmds 2019/12/15 v1.7 Avoid name clashes with e-TeX commands (HO)
)
\Hy@SavedSpaceFactor=\count279

(/usr/local/texlive/2021/texmf-dist/tex/latex/hyperref/puenc.def
File: puenc.def 2021-02-27 v7.00k Hyperref: PDF Unicode definition (HO)
Now handling font encoding PU ...
... no UTF-8 mapping file for font encoding PU
)
Package hyperref Info: Hyper figures OFF on input line 4192.
Package hyperref Info: Link nesting OFF on input line 4197.
Package hyperref Info: Hyper index ON on input line 4200.
Package hyperref Info: Plain pages OFF on input line 4207.
Package hyperref Info: Backreferencing OFF on input line 4212.
Package hyperref Info: Implicit mode ON; LaTeX internals redefined.
Package hyperref Info: Bookmarks ON on input line 4445.
\c@Hy@tempcnt=\count280

(/usr/local/texlive/2021/texmf-dist/tex/latex/url/url.sty
\Urlmuskip=\muskip16
Package: url 2013/09/16  ver 3.4  Verb mode for urls, etc.
)
LaTeX Info: Redefining \url on input line 4804.
\XeTeXLinkMargin=\dimen171

(/usr/local/texlive/2021/texmf-dist/tex/generic/bitset/bitset.sty
Package: bitset 2019/12/09 v1.3 Handle bit-vector datatype (HO)

(/usr/local/texlive/2021/texmf-dist/tex/generic/bigintcalc/bigintcalc.sty
Package: bigintcalc 2019/12/15 v1.5 Expandable calculations on big integers (HO
)
))
\Fld@menulength=\count281
\Field@Width=\dimen172
\Fld@charsize=\dimen173
Package hyperref Info: Hyper figures OFF on input line 6075.
Package hyperref Info: Link nesting OFF on input line 6080.
Package hyperref Info: Hyper index ON on input line 6083.
Package hyperref Info: backreferencing OFF on input line 6090.
Package hyperref Info: Link coloring OFF on input line 6095.
Package hyperref Info: Link coloring with OCG OFF on input line 6100.
Package hyperref Info: PDF/A mode OFF on input line 6105.
LaTeX Info: Redefining \ref on input line 6145.
LaTeX Info: Redefining \pageref on input line 6149.

(/usr/local/texlive/2021/texmf-dist/tex/latex/base/atbegshi-ltx.sty
Package: atbegshi-ltx 2020/08/17 v1.0a Emulation of the original atbegshi packa
ge
with kernel methods
)
\Hy@abspage=\count282
\c@Item=\count283
\c@Hfootnote=\count284
)
Package hyperref Info: Driver (autodetected): hpdftex.

(/usr/local/texlive/2021/texmf-dist/tex/latex/hyperref/hpdftex.def
File: hpdftex.def 2021-02-27 v7.00k Hyperref driver for pdfTeX

(/usr/local/texlive/2021/texmf-dist/tex/latex/base/atveryend-ltx.sty
Package: atveryend-ltx 2020/08/19 v1.0a Emulation of the original atvery packag
e
with kernel methods
)
\Fld@listcount=\count285
\c@bookmark@seq@number=\count286

(/usr/local/texlive/2021/texmf-dist/tex/latex/rerunfilecheck/rerunfilecheck.sty
Package: rerunfilecheck 2019/12/05 v1.9 Rerun checks for auxiliary files (HO)

(/usr/local/texlive/2021/texmf-dist/tex/generic/uniquecounter/uniquecounter.sty
Package: uniquecounter 2019/12/15 v1.4 Provide unlimited unique counter (HO)
)
Package uniquecounter Info: New unique counter `rerunfilecheck' on input line 2
86.
)
\Hy@SectionHShift=\skip59
)
(/usr/local/texlive/2021/texmf-dist/tex/latex/l3backend/l3backend-pdftex.def
File: l3backend-pdftex.def 2021-03-18 L3 backend support: PDF output (pdfTeX)
\l__color_backend_stack_int=\count287
\l__pdf_internal_box=\box50
)
(./IngSoftw_Proj1.aux)
\openout1 = `IngSoftw_Proj1.aux'.

LaTeX Font Info:    Checking defaults for OML/cmm/m/it on input line 29.
LaTeX Font Info:    ... okay on input line 29.
LaTeX Font Info:    Checking defaults for OMS/cmsy/m/n on input line 29.
LaTeX Font Info:    ... okay on input line 29.
LaTeX Font Info:    Checking defaults for OT1/cmr/m/n on input line 29.
LaTeX Font Info:    ... okay on input line 29.
LaTeX Font Info:    Checking defaults for T1/cmr/m/n on input line 29.
LaTeX Font Info:    ... okay on input line 29.
LaTeX Font Info:    Checking defaults for TS1/cmr/m/n on input line 29.
LaTeX Font Info:    ... okay on input line 29.
LaTeX Font Info:    Checking defaults for OMX/cmex/m/n on input line 29.
LaTeX Font Info:    ... okay on input line 29.
LaTeX Font Info:    Checking defaults for U/cmr/m/n on input line 29.
LaTeX Font Info:    ... okay on input line 29.
LaTeX Font Info:    Checking defaults for PD1/pdf/m/n on input line 29.
LaTeX Font Info:    ... okay on input line 29.
LaTeX Font Info:    Checking defaults for PU/pdf/m/n on input line 29.
LaTeX Font Info:    ... okay on input line 29.
LaTeX Info: Redefining \it@ocap on input line 29.
LaTeX Info: Redefining \it@ccap on input line 29.


File italian.ldf warning: 
italian.ldf    With OT1 encoding guillemets are poorly faked
italian.ldf    Use T1 encoding
italian.ldf    or specify a font with command \CaporaliFrom
italian.ldf    See the documentation concerning the babel-italian typesetting 
italian.ldf    on input line 29.

(/usr/local/texlive/2021/texmf-dist/tex/context/base/mkii/supp-pdf.mkii
[Loading MPS to PDF converter (version 2006.09.02).]
\scratchcounter=\count288
\scratchdimen=\dimen174
\scratchbox=\box51
\nofMPsegments=\count289
\nofMParguments=\count290
\everyMPshowfont=\toks25
\MPscratchCnt=\count291
\MPscratchDim=\dimen175
\MPnumerator=\count292
\makeMPintoPDFobject=\count293
\everyMPtoPDFconversion=\toks26
) (/usr/local/texlive/2021/texmf-dist/tex/latex/epstopdf-pkg/epstopdf-base.sty
Package: epstopdf-base 2020-01-24 v2.11 Base part for package epstopdf
Package epstopdf-base Info: Redefining graphics rule for `.eps' on input line 4
85.

(/usr/local/texlive/2021/texmf-dist/tex/latex/latexconfig/epstopdf-sys.cfg
File: epstopdf-sys.cfg 2010/07/13 v1.3 Configuration of (r)epstopdf for TeX Liv
e
))
Package caption Info: Begin \AtBeginDocument code.
Package caption Info: hyperref package is loaded.
Package caption Info: End \AtBeginDocument code.

*geometry* driver: auto-detecting
*geometry* detected driver: pdftex
*geometry* verbose mode - [ preamble ] result:
* driver: pdftex
* paper: a4paper
* layout: <same size as paper>
* layoutoffset:(h,v)=(0.0pt,0.0pt)
* modes: 
* h-part:(L,W,R)=(42.67912pt, 512.14963pt, 42.67912pt)
* v-part:(T,H,B)=(42.67912pt, 759.6886pt, 42.67912pt)
* \paperwidth=597.50787pt
* \paperheight=845.04684pt
* \textwidth=512.14963pt
* \textheight=759.6886pt
* \oddsidemargin=-29.59087pt
* \evensidemargin=-29.59087pt
* \topmargin=-66.59087pt
* \headheight=12.0pt
* \headsep=25.0pt
* \topskip=12.0pt
* \footskip=30.0pt
* \marginparwidth=35.0pt
* \marginparsep=10.0pt
* \columnsep=10.0pt
* \skip\footins=10.8pt plus 4.0pt minus 2.0pt
* \hoffset=0.0pt
* \voffset=0.0pt
* \mag=1000
* \@twocolumnfalse
* \@twosidefalse
* \@mparswitchfalse
* \@reversemarginfalse
* (1in=72.27pt=25.4mm, 1cm=28.453pt)

Package hyperref Info: Link coloring OFF on input line 29.
(/usr/local/texlive/2021/texmf-dist/tex/latex/hyperref/nameref.sty
Package: nameref 2021-04-02 v2.47 Cross-referencing by name of section

(/usr/local/texlive/2021/texmf-dist/tex/latex/refcount/refcount.sty
Package: refcount 2019/12/15 v3.6 Data extraction from label references (HO)
)
(/usr/local/texlive/2021/texmf-dist/tex/generic/gettitlestring/gettitlestring.s
ty
Package: gettitlestring 2019/12/15 v1.6 Cleanup title references (HO)
)
\c@section@level=\count294
)
LaTeX Info: Redefining \ref on input line 29.
LaTeX Info: Redefining \pageref on input line 29.
LaTeX Info: Redefining \nameref on input line 29.
 (./IngSoftw_Proj1.out) (./IngSoftw_Proj1.out)
\@outlinefile=\write4
\openout4 = `IngSoftw_Proj1.out'.

LaTeX Font Info:    External font `cmex10' loaded for size
(Font)              <14.4> on input line 31.
LaTeX Font Info:    External font `cmex10' loaded for size
(Font)              <7> on input line 31.
</Users/nicola/Documents/GitHub/lifemanager/images/Latex//logounitn.jpg, id=7, 
440.39531pt x 188.20313pt>
File: /Users/nicola/Documents/GitHub/lifemanager/images/Latex//logounitn.jpg Gr
aphic file (type jpg)
<use /Users/nicola/Documents/GitHub/lifemanager/images/Latex//logounitn.jpg>
Package pdftex.def Info: /Users/nicola/Documents/GitHub/lifemanager/images/Late
x//logounitn.jpg  used on input line 74.
(pdftex.def)             Requested size: 142.26378pt x 60.79483pt.
</Users/nicola/Documents/GitHub/lifemanager/images/Latex//logolifemanager.png, 
id=8, 207.77625pt x 183.68625pt>
File: /Users/nicola/Documents/GitHub/lifemanager/images/Latex//logolifemanager.
png Graphic file (type png)
<use /Users/nicola/Documents/GitHub/lifemanager/images/Latex//logolifemanager.p
ng>
Package pdftex.def Info: /Users/nicola/Documents/GitHub/lifemanager/images/Late
x//logolifemanager.png  used on input line 74.
(pdftex.def)             Requested size: 85.35826pt x 75.46039pt.


Package fancyhdr Warning: \headheight is too small (12.0pt): 
(fancyhdr)                Make it at least 79.81042pt, for example:
(fancyhdr)                \setlength{\headheight}{79.81042pt}.
(fancyhdr)                You might also make \topmargin smaller to compensate:

(fancyhdr)                \addtolength{\topmargin}{-67.81042pt}.

[1

{/usr/local/texlive/2021/texmf-var/fonts/map/pdftex/updmap/pdftex.map} </Users/
nicola/Documents/GitHub/lifemanager/images/Latex//logounitn.jpg> </Users/nicola
/Documents/GitHub/lifemanager/images/Latex//logolifemanager.png>]
</Users/nicola/Documents/GitHub/lifemanager/images/Latex//mind_map.jpg, id=23, 
770.88pt x 197.538pt>
File: /Users/nicola/Documents/GitHub/lifemanager/images/Latex//mind_map.jpg Gra
phic file (type jpg)
<use /Users/nicola/Documents/GitHub/lifemanager/images/Latex//mind_map.jpg>
Package pdftex.def Info: /Users/nicola/Documents/GitHub/lifemanager/images/Late
x//mind_map.jpg  used on input line 85.
(pdftex.def)             Requested size: 426.79134pt x 109.3636pt.


Package caption Warning: The option `hypcap=true' will be ignored for this
(caption)                particular \caption on input line 86.
See the caption package documentation for explanation.

[2 </Users/nicola/Documents/GitHub/lifemanager/images/Latex//mind_map.jpg>]
[3]
</Users/nicola/Documents/GitHub/lifemanager/images/Latex//Registrazione.png, id
=37, 361.35pt x 803.0pt>
File: /Users/nicola/Documents/GitHub/lifemanager/images/Latex//Registrazione.pn
g Graphic file (type png)
<use /Users/nicola/Documents/GitHub/lifemanager/images/Latex//Registrazione.png
>
Package pdftex.def Info: /Users/nicola/Documents/GitHub/lifemanager/images/Late
x//Registrazione.png  used on input line 132.
(pdftex.def)             Requested size: 68.28644pt x 151.73839pt.
</Users/nicola/Documents/GitHub/lifemanager/images/Latex//Login.png, id=42, 362
.35374pt x 803.0pt>
File: /Users/nicola/Documents/GitHub/lifemanager/images/Latex//Login.png Graphi
c file (type png)
<use /Users/nicola/Documents/GitHub/lifemanager/images/Latex//Login.png>
Package pdftex.def Info: /Users/nicola/Documents/GitHub/lifemanager/images/Late
x//Login.png  used on input line 138.
(pdftex.def)             Requested size: 68.28644pt x 151.3218pt.
</Users/nicola/Documents/GitHub/lifemanager/images/Latex//Home Page.png, id=47,
 361.35pt x 803.0pt>
File: /Users/nicola/Documents/GitHub/lifemanager/images/Latex//Home Page.png Gr
aphic file (type png)
<use /Users/nicola/Documents/GitHub/lifemanager/images/Latex//Home Page.png>
Package pdftex.def Info: /Users/nicola/Documents/GitHub/lifemanager/images/Late
x//Home Page.png  used on input line 145.
(pdftex.def)             Requested size: 68.28644pt x 151.73839pt.
</Users/nicola/Documents/GitHub/lifemanager/images/Latex//Impostazioni.png, id=
48, 361.35pt x 803.0pt>
File: /Users/nicola/Documents/GitHub/lifemanager/images/Latex//Impostazioni.png
 Graphic file (type png)
<use /Users/nicola/Documents/GitHub/lifemanager/images/Latex//Impostazioni.png>

Package pdftex.def Info: /Users/nicola/Documents/GitHub/lifemanager/images/Late
x//Impostazioni.png  used on input line 146.
(pdftex.def)             Requested size: 68.28644pt x 151.73839pt.
</Users/nicola/Documents/GitHub/lifemanager/images/Latex//Account.png, id=49, 3
61.35pt x 803.0pt>
File: /Users/nicola/Documents/GitHub/lifemanager/images/Latex//Account.png Grap
hic file (type png)
<use /Users/nicola/Documents/GitHub/lifemanager/images/Latex//Account.png>
Package pdftex.def Info: /Users/nicola/Documents/GitHub/lifemanager/images/Late
x//Account.png  used on input line 147.
(pdftex.def)             Requested size: 68.28644pt x 151.73839pt.
 [4 </Users/nicola/Documents/GitHub/lifemanager/images/Latex//Registrazione.png
> </Users/nicola/Documents/GitHub/lifemanager/images/Latex//Login.png> </Users/
nicola/Documents/GitHub/lifemanager/images/Latex//Home Page.png> </Users/nicola
/Documents/GitHub/lifemanager/images/Latex//Impostazioni.png> </Users/nicola/Do
cuments/GitHub/lifemanager/images/Latex//Account.png>]
</Users/nicola/Documents/GitHub/lifemanager/images/Latex//Gestione Budget.png, 
id=74, 361.35pt x 803.0pt>
File: /Users/nicola/Documents/GitHub/lifemanager/images/Latex//Gestione Budget.
png Graphic file (type png)
<use /Users/nicola/Documents/GitHub/lifemanager/images/Latex//Gestione Budget.p
ng>
Package pdftex.def Info: /Users/nicola/Documents/GitHub/lifemanager/images/Late
x//Gestione Budget.png  used on input line 153.
(pdftex.def)             Requested size: 68.28644pt x 151.73839pt.
</Users/nicola/Documents/GitHub/lifemanager/images/Latex//Aggiungi Movimento.pn
g, id=75, 361.35pt x 803.0pt>
File: /Users/nicola/Documents/GitHub/lifemanager/images/Latex//Aggiungi Movimen
to.png Graphic file (type png)
<use /Users/nicola/Documents/GitHub/lifemanager/images/Latex//Aggiungi Moviment
o.png>
Package pdftex.def Info: /Users/nicola/Documents/GitHub/lifemanager/images/Late
x//Aggiungi Movimento.png  used on input line 154.
(pdftex.def)             Requested size: 68.28644pt x 151.73839pt.
</Users/nicola/Documents/GitHub/lifemanager/images/Latex//Elenco Entrate.png, i
d=76, 361.35pt x 803.0pt>
File: /Users/nicola/Documents/GitHub/lifemanager/images/Latex//Elenco Entrate.p
ng Graphic file (type png)
<use /Users/nicola/Documents/GitHub/lifemanager/images/Latex//Elenco Entrate.pn
g>
Package pdftex.def Info: /Users/nicola/Documents/GitHub/lifemanager/images/Late
x//Elenco Entrate.png  used on input line 155.
(pdftex.def)             Requested size: 68.28644pt x 151.73839pt.
</Users/nicola/Documents/GitHub/lifemanager/images/Latex//Elenco Uscite.png, id
=77, 361.35pt x 803.0pt>
File: /Users/nicola/Documents/GitHub/lifemanager/images/Latex//Elenco Uscite.pn
g Graphic file (type png)
<use /Users/nicola/Documents/GitHub/lifemanager/images/Latex//Elenco Uscite.png
>
Package pdftex.def Info: /Users/nicola/Documents/GitHub/lifemanager/images/Late
x//Elenco Uscite.png  used on input line 156.
(pdftex.def)             Requested size: 68.28644pt x 151.73839pt.
</Users/nicola/Documents/GitHub/lifemanager/images/Latex//Elenco Bollette.png, 
id=78, 361.35pt x 803.0pt>
File: /Users/nicola/Documents/GitHub/lifemanager/images/Latex//Elenco Bollette.
png Graphic file (type png)
<use /Users/nicola/Documents/GitHub/lifemanager/images/Latex//Elenco Bollette.p
ng>
Package pdftex.def Info: /Users/nicola/Documents/GitHub/lifemanager/images/Late
x//Elenco Bollette.png  used on input line 157.
(pdftex.def)             Requested size: 68.28644pt x 151.73839pt.
</Users/nicola/Documents/GitHub/lifemanager/images/Latex//espese.png, id=79, 36
1.35pt x 803.0pt>
File: /Users/nicola/Documents/GitHub/lifemanager/images/Latex//espese.png Graph
ic file (type png)
<use /Users/nicola/Documents/GitHub/lifemanager/images/Latex//espese.png>
Package pdftex.def Info: /Users/nicola/Documents/GitHub/lifemanager/images/Late
x//espese.png  used on input line 158.
(pdftex.def)             Requested size: 68.28644pt x 151.73839pt.
</Users/nicola/Documents/GitHub/lifemanager/images/Latex//Aggiungi Bolletta.png
, id=80, 361.35pt x 803.0pt>
File: /Users/nicola/Documents/GitHub/lifemanager/images/Latex//Aggiungi Bollett
a.png Graphic file (type png)
<use /Users/nicola/Documents/GitHub/lifemanager/images/Latex//Aggiungi Bolletta
.png>
Package pdftex.def Info: /Users/nicola/Documents/GitHub/lifemanager/images/Late
x//Aggiungi Bolletta.png  used on input line 159.
(pdftex.def)             Requested size: 68.28644pt x 151.73839pt.
</Users/nicola/Documents/GitHub/lifemanager/images/Latex//aspesa.png, id=81, 36
1.35pt x 803.0pt>
File: /Users/nicola/Documents/GitHub/lifemanager/images/Latex//aspesa.png Graph
ic file (type png)
<use /Users/nicola/Documents/GitHub/lifemanager/images/Latex//aspesa.png>
Package pdftex.def Info: /Users/nicola/Documents/GitHub/lifemanager/images/Late
x//aspesa.png  used on input line 160.
(pdftex.def)             Requested size: 68.28644pt x 151.73839pt.
</Users/nicola/Documents/GitHub/lifemanager/images/Latex//Aggiungi Categoria.pn
g, id=82, 361.35pt x 803.0pt>
File: /Users/nicola/Documents/GitHub/lifemanager/images/Latex//Aggiungi Categor
ia.png Graphic file (type png)
<use /Users/nicola/Documents/GitHub/lifemanager/images/Latex//Aggiungi Categori
a.png>
Package pdftex.def Info: /Users/nicola/Documents/GitHub/lifemanager/images/Late
x//Aggiungi Categoria.png  used on input line 161.
(pdftex.def)             Requested size: 68.28644pt x 151.73839pt.
 [5 </Users/nicola/Documents/GitHub/lifemanager/images/Latex//Gestione Budget.p
ng> </Users/nicola/Documents/GitHub/lifemanager/images/Latex//Aggiungi Moviment
o.png> </Users/nicola/Documents/GitHub/lifemanager/images/Latex//Elenco Entrate
.png> </Users/nicola/Documents/GitHub/lifemanager/images/Latex//Elenco Uscite.p
ng> </Users/nicola/Documents/GitHub/lifemanager/images/Latex//Elenco Bollette.p
ng> </Users/nicola/Documents/GitHub/lifemanager/images/Latex//espese.png> </Use
rs/nicola/Documents/GitHub/lifemanager/images/Latex//Aggiungi Bolletta.png> </U
sers/nicola/Documents/GitHub/lifemanager/images/Latex//aspesa.png> </Users/nico
la/Documents/GitHub/lifemanager/images/Latex//Aggiungi Categoria.png>]
</Users/nicola/Documents/GitHub/lifemanager/images/Latex//Eventi.png, id=104, 3
61.35pt x 803.0pt>
File: /Users/nicola/Documents/GitHub/lifemanager/images/Latex//Eventi.png Graph
ic file (type png)
<use /Users/nicola/Documents/GitHub/lifemanager/images/Latex//Eventi.png>
Package pdftex.def Info: /Users/nicola/Documents/GitHub/lifemanager/images/Late
x//Eventi.png  used on input line 169.
(pdftex.def)             Requested size: 68.28644pt x 151.73839pt.
</Users/nicola/Documents/GitHub/lifemanager/images/Latex//Aggiungi Evento.png, 
id=105, 361.35pt x 803.0pt>
File: /Users/nicola/Documents/GitHub/lifemanager/images/Latex//Aggiungi Evento.
png Graphic file (type png)
<use /Users/nicola/Documents/GitHub/lifemanager/images/Latex//Aggiungi Evento.p
ng>
Package pdftex.def Info: /Users/nicola/Documents/GitHub/lifemanager/images/Late
x//Aggiungi Evento.png  used on input line 170.
(pdftex.def)             Requested size: 68.28644pt x 151.73839pt.
</Users/nicola/Documents/GitHub/lifemanager/images/Latex//Carte Fedelt√†.png, i
d=110, 361.35pt x 803.0pt>
File: /Users/nicola/Documents/GitHub/lifemanager/images/Latex//Carte Fedelt√†.p
ng Graphic file (type png)
<use /Users/nicola/Documents/GitHub/lifemanager/images/Latex//Carte Fedelt√†.pn
g>
Package pdftex.def Info: /Users/nicola/Documents/GitHub/lifemanager/images/Late
x//Carte Fedelt√†.png  used on input line 176.
(pdftex.def)             Requested size: 68.28644pt x 151.73839pt.
</Users/nicola/Documents/GitHub/lifemanager/images/Latex//Aggiungi Carta Fedelt
√†.png, id=111, 361.35pt x 803.0pt>
File: /Users/nicola/Documents/GitHub/lifemanager/images/Latex//Aggiungi Carta F
edelt√†.png Graphic file (type png)
<use /Users/nicola/Documents/GitHub/lifemanager/images/Latex//Aggiungi Carta Fe
delt√†.png>
Package pdftex.def Info: /Users/nicola/Documents/GitHub/lifemanager/images/Late
x//Aggiungi Carta Fedelt√†.png  used on input line 177.
(pdftex.def)             Requested size: 68.28644pt x 151.73839pt.
</Users/nicola/Documents/GitHub/lifemanager/images/Latex//Esempio Carta.png, id
=112, 361.35pt x 803.0pt>
File: /Users/nicola/Documents/GitHub/lifemanager/images/Latex//Esempio Carta.pn
g Graphic file (type png)
<use /Users/nicola/Documents/GitHub/lifemanager/images/Latex//Esempio Carta.png
>
Package pdftex.def Info: /Users/nicola/Documents/GitHub/lifemanager/images/Late
x//Esempio Carta.png  used on input line 178.
(pdftex.def)             Requested size: 68.28644pt x 151.73839pt.
</Users/nicola/Documents/GitHub/lifemanager/images/Latex//Mappa.png, id=117, 36
1.35pt x 803.0pt>
File: /Users/nicola/Documents/GitHub/lifemanager/images/Latex//Mappa.png Graphi
c file (type png)
<use /Users/nicola/Documents/GitHub/lifemanager/images/Latex//Mappa.png>
Package pdftex.def Info: /Users/nicola/Documents/GitHub/lifemanager/images/Late
x//Mappa.png  used on input line 184.
(pdftex.def)             Requested size: 68.28644pt x 151.73839pt.
</Users/nicola/Documents/GitHub/lifemanager/images/Latex//Aggiungi Luogo.png, i
d=118, 361.35pt x 803.0pt>
File: /Users/nicola/Documents/GitHub/lifemanager/images/Latex//Aggiungi Luogo.p
ng Graphic file (type png)
<use /Users/nicola/Documents/GitHub/lifemanager/images/Latex//Aggiungi Luogo.pn
g>
Package pdftex.def Info: /Users/nicola/Documents/GitHub/lifemanager/images/Late
x//Aggiungi Luogo.png  used on input line 185.
(pdftex.def)             Requested size: 68.28644pt x 151.73839pt.
 [6 </Users/nicola/Documents/GitHub/lifemanager/images/Latex//Eventi.png> </Use
rs/nicola/Documents/GitHub/lifemanager/images/Latex//Aggiungi Evento.png> </Use
rs/nicola/Documents/GitHub/lifemanager/images/Latex//Carte Fedelt√†.png> </User
s/nicola/Documents/GitHub/lifemanager/images/Latex//Aggiungi Carta Fedelt√†.png
> </Users/nicola/Documents/GitHub/lifemanager/images/Latex//Esempio Carta.png> 
</Users/nicola/Documents/GitHub/lifemanager/images/Latex//Mappa.png> </Users/ni
cola/Documents/GitHub/lifemanager/images/Latex//Aggiungi Luogo.png>]
</Users/nicola/Documents/GitHub/lifemanager/images/Latex//Ricette.png, id=145, 
361.35pt x 803.0pt>
File: /Users/nicola/Documents/GitHub/lifemanager/images/Latex//Ricette.png Grap
hic file (type png)
<use /Users/nicola/Documents/GitHub/lifemanager/images/Latex//Ricette.png>
Package pdftex.def Info: /Users/nicola/Documents/GitHub/lifemanager/images/Late
x//Ricette.png  used on input line 191.
(pdftex.def)             Requested size: 68.28644pt x 151.73839pt.
</Users/nicola/Documents/GitHub/lifemanager/images/Latex//Nuova Ricetta.png, id
=146, 361.35pt x 803.0pt>
File: /Users/nicola/Documents/GitHub/lifemanager/images/Latex//Nuova Ricetta.pn
g Graphic file (type png)
<use /Users/nicola/Documents/GitHub/lifemanager/images/Latex//Nuova Ricetta.png
>
Package pdftex.def Info: /Users/nicola/Documents/GitHub/lifemanager/images/Late
x//Nuova Ricetta.png  used on input line 192.
(pdftex.def)             Requested size: 68.28644pt x 151.73839pt.
</Users/nicola/Documents/GitHub/lifemanager/images/Latex//Esempio Ricetta.png, 
id=147, 361.35pt x 803.0pt>
File: /Users/nicola/Documents/GitHub/lifemanager/images/Latex//Esempio Ricetta.
png Graphic file (type png)
<use /Users/nicola/Documents/GitHub/lifemanager/images/Latex//Esempio Ricetta.p
ng>
Package pdftex.def Info: /Users/nicola/Documents/GitHub/lifemanager/images/Late
x//Esempio Ricetta.png  used on input line 193.
(pdftex.def)             Requested size: 68.28644pt x 151.73839pt.
</Users/nicola/Documents/GitHub/lifemanager/images/Latex//ListeP.png, id=153, 3
61.35pt x 803.0pt>
File: /Users/nicola/Documents/GitHub/lifemanager/images/Latex//ListeP.png Graph
ic file (type png)
<use /Users/nicola/Documents/GitHub/lifemanager/images/Latex//ListeP.png>
Package pdftex.def Info: /Users/nicola/Documents/GitHub/lifemanager/images/Late
x//ListeP.png  used on input line 199.
(pdftex.def)             Requested size: 68.28644pt x 151.73839pt.
</Users/nicola/Documents/GitHub/lifemanager/images/Latex//Aggiungi Lista.png, i
d=154, 361.35pt x 803.0pt>
File: /Users/nicola/Documents/GitHub/lifemanager/images/Latex//Aggiungi Lista.p
ng Graphic file (type png)
<use /Users/nicola/Documents/GitHub/lifemanager/images/Latex//Aggiungi Lista.pn
g>
Package pdftex.def Info: /Users/nicola/Documents/GitHub/lifemanager/images/Late
x//Aggiungi Lista.png  used on input line 200.
(pdftex.def)             Requested size: 68.28644pt x 151.73839pt.
</Users/nicola/Documents/GitHub/lifemanager/images/Latex//Lista della spesa.png
, id=155, 361.35pt x 803.0pt>
File: /Users/nicola/Documents/GitHub/lifemanager/images/Latex//Lista della spes
a.png Graphic file (type png)
<use /Users/nicola/Documents/GitHub/lifemanager/images/Latex//Lista della spesa
.png>
Package pdftex.def Info: /Users/nicola/Documents/GitHub/lifemanager/images/Late
x//Lista della spesa.png  used on input line 201.
(pdftex.def)             Requested size: 68.28644pt x 151.73839pt.
</Users/nicola/Documents/GitHub/lifemanager/images/Latex//Cose Da Fare.png, id=
156, 361.35pt x 803.0pt>
File: /Users/nicola/Documents/GitHub/lifemanager/images/Latex//Cose Da Fare.png
 Graphic file (type png)
<use /Users/nicola/Documents/GitHub/lifemanager/images/Latex//Cose Da Fare.png>

Package pdftex.def Info: /Users/nicola/Documents/GitHub/lifemanager/images/Late
x//Cose Da Fare.png  used on input line 202.
(pdftex.def)             Requested size: 68.28644pt x 151.73839pt.
</Users/nicola/Documents/GitHub/lifemanager/images/Latex//Aggiungi Articolo.png
, id=157, 361.35pt x 803.0pt>
File: /Users/nicola/Documents/GitHub/lifemanager/images/Latex//Aggiungi Articol
o.png Graphic file (type png)
<use /Users/nicola/Documents/GitHub/lifemanager/images/Latex//Aggiungi Articolo
.png>
Package pdftex.def Info: /Users/nicola/Documents/GitHub/lifemanager/images/Late
x//Aggiungi Articolo.png  used on input line 203.
(pdftex.def)             Requested size: 68.28644pt x 151.73839pt.
</Users/nicola/Documents/GitHub/lifemanager/images/Latex//Aggiungi Attivit√†.pn
g, id=158, 361.35pt x 803.0pt>
File: /Users/nicola/Documents/GitHub/lifemanager/images/Latex//Aggiungi Attivit
√†.png Graphic file (type png)
<use /Users/nicola/Documents/GitHub/lifemanager/images/Latex//Aggiungi Attivit√
†.png>
Package pdftex.def Info: /Users/nicola/Documents/GitHub/lifemanager/images/Late
x//Aggiungi Attivit√†.png  used on input line 204.
(pdftex.def)             Requested size: 68.28644pt x 151.73839pt.
 [7 </Users/nicola/Documents/GitHub/lifemanager/images/Latex//Ricette.png> </Us
ers/nicola/Documents/GitHub/lifemanager/images/Latex//Nuova Ricetta.png> </User
s/nicola/Documents/GitHub/lifemanager/images/Latex//Esempio Ricetta.png> </User
s/nicola/Documents/GitHub/lifemanager/images/Latex//ListeP.png> </Users/nicola/
Documents/GitHub/lifemanager/images/Latex//Aggiungi Lista.png> </Users/nicola/D
ocuments/GitHub/lifemanager/images/Latex//Lista della spesa.png> </Users/nicola
/Documents/GitHub/lifemanager/images/Latex//Cose Da Fare.png> </Users/nicola/Do
cuments/GitHub/lifemanager/images/Latex//Aggiungi Articolo.png> </Users/nicola/
Documents/GitHub/lifemanager/images/Latex//Aggiungi Attivit√†.png>] [8] [9] [10
]
</Users/nicola/Documents/GitHub/lifemanager/images/Latex//UCDloginregistrazione
.jpeg, id=205, 532.99126pt x 335.00156pt>
File: /Users/nicola/Documents/GitHub/lifemanager/images/Latex//UCDloginregistra
zione.jpeg Graphic file (type jpg)
<use /Users/nicola/Documents/GitHub/lifemanager/images/Latex//UCDloginregistraz
ione.jpeg>
Package pdftex.def Info: /Users/nicola/Documents/GitHub/lifemanager/images/Late
x//UCDloginregistrazione.jpeg  used on input line 267.
(pdftex.def)             Requested size: 369.88582pt x 232.49059pt.


Package caption Warning: The option `hypcap=true' will be ignored for this
(caption)                particular \caption on input line 268.
See the caption package documentation for explanation.

[11 </Users/nicola/Documents/GitHub/lifemanager/images/Latex//UCDloginregistraz
ione.jpeg>]
</Users/nicola/Documents/GitHub/lifemanager/images/Latex//UCDHomePage.jpeg, id=
219, 565.36218pt x 338.01282pt>
File: /Users/nicola/Documents/GitHub/lifemanager/images/Latex//UCDHomePage.jpeg
 Graphic file (type jpg)
<use /Users/nicola/Documents/GitHub/lifemanager/images/Latex//UCDHomePage.jpeg>

Package pdftex.def Info: /Users/nicola/Documents/GitHub/lifemanager/images/Late
x//UCDHomePage.jpeg  used on input line 349.
(pdftex.def)             Requested size: 369.88582pt x 221.14986pt.


Package caption Warning: The option `hypcap=true' will be ignored for this
(caption)                particular \caption on input line 350.
See the caption package documentation for explanation.

[12] [13 </Users/nicola/Documents/GitHub/lifemanager/images/Latex//UCDHomePage.
jpeg>] [14]
</Users/nicola/Documents/GitHub/lifemanager/images/Latex//UCDbudget.jpeg, id=25
5, 608.2725pt x 493.845pt>
File: /Users/nicola/Documents/GitHub/lifemanager/images/Latex//UCDbudget.jpeg G
raphic file (type jpg)
<use /Users/nicola/Documents/GitHub/lifemanager/images/Latex//UCDbudget.jpeg>
Package pdftex.def Info: /Users/nicola/Documents/GitHub/lifemanager/images/Late
x//UCDbudget.jpeg  used on input line 450.
(pdftex.def)             Requested size: 369.88582pt x 300.31061pt.


Package caption Warning: The option `hypcap=true' will be ignored for this
(caption)                particular \caption on input line 451.
See the caption package documentation for explanation.

[15 </Users/nicola/Documents/GitHub/lifemanager/images/Latex//UCDbudget.jpeg>]
[16] [17]
</Users/nicola/Documents/GitHub/lifemanager/images/Latex//UCDliste.jpeg, id=298
, 666.23906pt x 458.46281pt>
File: /Users/nicola/Documents/GitHub/lifemanager/images/Latex//UCDliste.jpeg Gr
aphic file (type jpg)
<use /Users/nicola/Documents/GitHub/lifemanager/images/Latex//UCDliste.jpeg>
Package pdftex.def Info: /Users/nicola/Documents/GitHub/lifemanager/images/Late
x//UCDliste.jpeg  used on input line 623.
(pdftex.def)             Requested size: 369.88582pt x 254.53381pt.


Package caption Warning: The option `hypcap=true' will be ignored for this
(caption)                particular \caption on input line 624.
See the caption package documentation for explanation.

[18 </Users/nicola/Documents/GitHub/lifemanager/images/Latex//UCDliste.jpeg>]
[19] [20]
</Users/nicola/Documents/GitHub/lifemanager/images/Latex//UCDeventi.jpeg, id=34
1, 528.47438pt x 418.56375pt>
File: /Users/nicola/Documents/GitHub/lifemanager/images/Latex//UCDeventi.jpeg G
raphic file (type jpg)
<use /Users/nicola/Documents/GitHub/lifemanager/images/Latex//UCDeventi.jpeg>
Package pdftex.def Info: /Users/nicola/Documents/GitHub/lifemanager/images/Late
x//UCDeventi.jpeg  used on input line 796.
(pdftex.def)             Requested size: 369.88582pt x 292.9543pt.


Package caption Warning: The option `hypcap=true' will be ignored for this
(caption)                particular \caption on input line 797.
See the caption package documentation for explanation.

[21 </Users/nicola/Documents/GitHub/lifemanager/images/Latex//UCDeventi.jpeg>]
[22]
</Users/nicola/Documents/GitHub/lifemanager/images/Latex//UCDricette.jpeg, id=3
69, 585.68813pt x 481.04718pt>
File: /Users/nicola/Documents/GitHub/lifemanager/images/Latex//UCDricette.jpeg 
Graphic file (type jpg)
<use /Users/nicola/Documents/GitHub/lifemanager/images/Latex//UCDricette.jpeg>
Package pdftex.def Info: /Users/nicola/Documents/GitHub/lifemanager/images/Late
x//UCDricette.jpeg  used on input line 901.
(pdftex.def)             Requested size: 369.88582pt x 303.81003pt.


Package caption Warning: The option `hypcap=true' will be ignored for this
(caption)                particular \caption on input line 902.
See the caption package documentation for explanation.

[23 </Users/nicola/Documents/GitHub/lifemanager/images/Latex//UCDricette.jpeg>]
[24]
</Users/nicola/Documents/GitHub/lifemanager/images/Latex//UCDluoghi.jpeg, id=39
3, 462.22687pt x 444.91219pt>
File: /Users/nicola/Documents/GitHub/lifemanager/images/Latex//UCDluoghi.jpeg G
raphic file (type jpg)
<use /Users/nicola/Documents/GitHub/lifemanager/images/Latex//UCDluoghi.jpeg>
Package pdftex.def Info: /Users/nicola/Documents/GitHub/lifemanager/images/Late
x//UCDluoghi.jpeg  used on input line 1019.
(pdftex.def)             Requested size: 369.88582pt x 356.03206pt.


Package caption Warning: The option `hypcap=true' will be ignored for this
(caption)                particular \caption on input line 1020.
See the caption package documentation for explanation.

[25 </Users/nicola/Documents/GitHub/lifemanager/images/Latex//UCDluoghi.jpeg>]
[26]
</Users/nicola/Documents/GitHub/lifemanager/images/Latex//UCDcartefedelt√†.jpeg
, id=420, 466.74374pt x 450.18187pt>
File: /Users/nicola/Documents/GitHub/lifemanager/images/Latex//UCDcartefedelt√†
.jpeg Graphic file (type jpg)
<use /Users/nicola/Documents/GitHub/lifemanager/images/Latex//UCDcartefedelt√†.
jpeg>
Package pdftex.def Info: /Users/nicola/Documents/GitHub/lifemanager/images/Late
x//UCDcartefedelt√†.jpeg  used on input line 1129.
(pdftex.def)             Requested size: 369.88582pt x 356.7732pt.


Package caption Warning: The option `hypcap=true' will be ignored for this
(caption)                particular \caption on input line 1130.
See the caption package documentation for explanation.

[27] [28 </Users/nicola/Documents/GitHub/lifemanager/images/Latex//UCDcartefede
lt√†.jpeg>] [29] [30]
</Users/nicola/Documents/GitHub/lifemanager/images/Latex//cd.jpg, id=465, 851.1
8pt x 755.82375pt>
File: /Users/nicola/Documents/GitHub/lifemanager/images/Latex//cd.jpg Graphic f
ile (type jpg)
<use /Users/nicola/Documents/GitHub/lifemanager/images/Latex//cd.jpg>
Package pdftex.def Info: /Users/nicola/Documents/GitHub/lifemanager/images/Late
x//cd.jpg  used on input line 1266.
(pdftex.def)             Requested size: 426.79134pt x 378.9835pt.


Package caption Warning: The option `hypcap=true' will be ignored for this
(caption)                particular \caption on input line 1267.
See the caption package documentation for explanation.

[31 </Users/nicola/Documents/GitHub/lifemanager/images/Latex//cd.jpg>] [32]

LaTeX3 Info: Redefining command \BeforeClosingMainAux with sig. 'm' on line
(LaTeX3)     1314.


(./IngSoftw_Proj1.aux)
Package rerunfilecheck Info: File `IngSoftw_Proj1.out' has not changed.
(rerunfilecheck)             Checksum: D41D8CD98F00B204E9800998ECF8427E;0.
 ) 
Here is how much of TeX's memory you used:
 13949 strings out of 478994
 237876 string characters out of 5858184
 577776 words of memory out of 5000000
 30943 multiletter control sequences out of 15000+600000
 407105 words of font info for 39 fonts, out of 8000000 for 9000
 1141 hyphenation exceptions out of 8191
 112i,15n,116p,623b,541s stack positions out of 5000i,500n,10000p,200000b,80000s
{/usr/local/texlive/2021/texmf-dist/fonts/enc/dvips/cm-super/cm-super-ts1.enc
}</usr/local/texlive/2021/texmf-dist/fonts/type1/public/amsfonts/cm/cmbx12.pfb>
</usr/local/texlive/2021/texmf-dist/fonts/type1/public/amsfonts/cm/cmcsc10.pfb>
</usr/local/texlive/2021/texmf-dist/fonts/type1/public/amsfonts/cm/cmr12.pfb></
usr/local/texlive/2021/texmf-dist/fonts/type1/public/amsfonts/cm/cmr17.pfb></us
r/local/texlive/2021/texmf-dist/fonts/type1/public/amsfonts/cm/cmss12.pfb></usr
/local/texlive/2021/texmf-dist/fonts/type1/public/cm-super/sfrm1200.pfb>
Output written on IngSoftw_Proj1.pdf (32 pages, 943835 bytes).
PDF statistics:
 567 PDF objects out of 1000 (max. 8388607)
 449 compressed objects within 5 object streams
 247 named destinations out of 1000 (max. 500000)
 223 words of extra memory for PDF output out of 10000 (max. 10000000)

